<?xml version="1.0" encoding="UTF-8"?>
<!-- Generated by org.testng.reporters.JUnitReportReporter -->
<testsuite hostname="DESKTOP-J85UCS0" failures="0" tests="2" name="dev.selenium.tests.workflow.LoginWorkflowTests" time="9.086" errors="0" timestamp="2024-02-13T14:38:42 IST" skipped="0">
  <testcase classname="dev.selenium.tests.workflow.LoginWorkflowTests" name="loginTest" time="7.236"/>
  <system-out/>
  <testcase classname="dev.selenium.tests.workflow.LoginWorkflowTests" name="invalidLoginTest" time="1.850"/>
  <system-out/>
</testsuite> <!-- dev.selenium.tests.workflow.LoginWorkflowTests -->
