<?xml version="1.0" encoding="UTF-8"?>
<!-- Generated by org.testng.reporters.JUnitReportReporter -->
<testsuite hostname="DESKTOP-J85UCS0" failures="0" tests="1" name="org.example.AppTest" time="0.000" errors="0" timestamp="2024-02-13T14:38:42 IST" skipped="0">
  <testcase classname="org.example.AppTest" name="testApp" time="0.000"/>
  <system-out/>
</testsuite> <!-- org.example.AppTest -->
